PID 4266 received SIGSEGV for address: 0x20
0   segfault-handler.node               0x00000001022aa408 _ZL16segfault_handleriP9__siginfoPv + 312
1   libsystem_platform.dylib            0x00007fff600a1f5a _sigtramp + 26
2   ???                                 0x000000010e85fb4a 0x0 + 4538628938
3   iohook.node                         0x00000001022babf0 hook_event_proc + 2000
4   SkyLight                            0x00007fff59c464c4 processDecodedEventRef + 112
5   SkyLight                            0x00007fff59c45d34 processEventTapData + 567
6   SkyLight                            0x00007fff59bfb953 _XPostEventTapData + 278
7   SkyLight                            0x00007fff59c45a9f eventTapMessageHandler + 132
8   CoreFoundation                      0x00007fff37a86596 __CFMachPortPerform + 310
9   CoreFoundation                      0x00007fff37a86449 __CFRUNLOOP_IS_CALLING_OUT_TO_A_SOURCE1_PERFORM_FUNCTION__ + 41
10  CoreFoundation                      0x00007fff37a86395 __CFRunLoopDoSource1 + 533
11  CoreFoundation                      0x00007fff37a7df50 __CFRunLoopRun + 2848
12  CoreFoundation                      0x00007fff37a7d1a3 CFRunLoopRunSpecific + 483
13  CoreFoundation                      0x00007fff37abbc33 CFRunLoopRun + 99
14  iohook.node                         0x00000001022bbd95 hook_run + 1749
15  iohook.node                         0x00000001022b715e _Z16hook_thread_procPv + 14
16  libsystem_pthread.dylib             0x00007fff600ab661 _pthread_body + 340
17  libsystem_pthread.dylib             0x00007fff600ab50d _pthread_body + 0
18  libsystem_pthread.dylib             0x00007fff600aabf9 thread_start + 13
